Lab4_UILabs/app/build/intermediates/manifest_merge_blame_file/debug/manifest-merger-blame-debug-report.txt
1<?xml version="1.0" encoding="utf-8"?>
2<manifest xmlns:android="http://schemas.android.com/apk/res/android"
3    package="course.labs.todomanager"
4    android:versionCode="1"
5    android:versionName="1.0" >
6
7    <uses-sdk
7-->src\main\AndroidManifest.xml:7:5-47
8        android:minSdkVersion="18"
8-->src\main\AndroidManifest.xml:7:5-47
9        android:targetSdkVersion="18" />
9-->src\main\AndroidManifest.xml:7:15-44
10
11    <application
11-->src\main\AndroidManifest.xml:9:5-24:19
12        android:allowBackup="true"
12-->src\main\AndroidManifest.xml:10:9-35
13        android:debuggable="true"
14        android:icon="@drawable/ic_launcher"
14-->src\main\AndroidManifest.xml:11:9-45
15        android:label="@string/app_name"
15-->src\main\AndroidManifest.xml:12:9-41
16        android:testOnly="true" >
17        <activity
17-->src\main\AndroidManifest.xml:13:9-21:20
18            android:name="course.labs.todomanager.ToDoManagerActivity"
18-->src\main\AndroidManifest.xml:14:13-48
19            android:label="@string/app_name" >
19-->src\main\AndroidManifest.xml:15:13-45
20            <intent-filter>
20-->src\main\AndroidManifest.xml:16:13-20:29
21                <action android:name="android.intent.action.MAIN" />
21-->src\main\AndroidManifest.xml:17:17-69
21-->src\main\AndroidManifest.xml:17:25-66
22
23                <category android:name="android.intent.category.LAUNCHER" />
23-->src\main\AndroidManifest.xml:19:17-77
23-->src\main\AndroidManifest.xml:19:27-74
24            </intent-filter>
25        </activity>
26        <activity android:name="course.labs.todomanager.AddToDoActivity" >
26-->src\main\AndroidManifest.xml:22:9-23:20
26-->src\main\AndroidManifest.xml:22:19-50
27        </activity>
28    </application>
29
30</manifest>